mode: atomic
practice/goPractice/learningGoApp/learningGoApp/calculator/calculator.go:13.38,15.2 1 1
practice/goPractice/learningGoApp/learningGoApp/calculator/calculator.go:18.43,20.2 1 1
practice/goPractice/learningGoApp/learningGoApp/calculator/calculator.go:23.43,25.2 1 1
practice/goPractice/learningGoApp/learningGoApp/calculator/calculator.go:28.41,30.2 1 0
practice/goPractice/learningGoApp/learningGoApp/calculator/calculator.go:33.71,37.2 3 0
practice/goPractice/learningGoApp/learningGoApp/calculator/calculator.go:40.32,42.2 1 1
practice/goPractice/learningGoApp/learningGoApp/calculator/calculator.go:45.31,48.2 2 28
practice/goPractice/learningGoApp/learningGoApp/calculator/calculator.go:50.34,52.16 2 0
practice/goPractice/learningGoApp/learningGoApp/calculator/calculator.go:56.2,56.10 1 0
practice/goPractice/learningGoApp/learningGoApp/calculator/calculator.go:52.16,55.3 2 0
practice/goPractice/learningGoApp/learningGoApp/calculator/calculator.go:59.42,61.16 2 0
practice/goPractice/learningGoApp/learningGoApp/calculator/calculator.go:65.2,65.10 1 0
practice/goPractice/learningGoApp/learningGoApp/calculator/calculator.go:61.16,64.3 2 0
practice/goPractice/learningGoApp/learningGoApp/calculator/calculator.go:68.44,70.2 1 0
practice/goPractice/learningGoApp/learningGoApp/calculator/calculator.go:72.50,76.27 4 1
practice/goPractice/learningGoApp/learningGoApp/calculator/calculator.go:96.2,96.17 1 1
practice/goPractice/learningGoApp/learningGoApp/calculator/calculator.go:76.27,77.45 1 10
practice/goPractice/learningGoApp/learningGoApp/calculator/calculator.go:94.3,94.10 1 10
practice/goPractice/learningGoApp/learningGoApp/calculator/calculator.go:77.45,79.4 1 1
practice/goPractice/learningGoApp/learningGoApp/calculator/calculator.go:79.9,79.100 1 9
practice/goPractice/learningGoApp/learningGoApp/calculator/calculator.go:79.100,81.4 1 0
practice/goPractice/learningGoApp/learningGoApp/calculator/calculator.go:81.9,81.101 1 9
practice/goPractice/learningGoApp/learningGoApp/calculator/calculator.go:81.101,83.4 1 2
practice/goPractice/learningGoApp/learningGoApp/calculator/calculator.go:83.9,83.102 1 7
practice/goPractice/learningGoApp/learningGoApp/calculator/calculator.go:83.102,87.4 3 3
practice/goPractice/learningGoApp/learningGoApp/calculator/calculator.go:87.9,87.66 1 4
practice/goPractice/learningGoApp/learningGoApp/calculator/calculator.go:87.66,91.4 3 0
practice/goPractice/learningGoApp/learningGoApp/calculator/calculator.go:91.9,93.4 1 4
practice/goPractice/learningGoApp/learningGoApp/calculator/calculator.go:99.53,101.23 2 0
practice/goPractice/learningGoApp/learningGoApp/calculator/calculator.go:122.2,122.14 1 0
practice/goPractice/learningGoApp/learningGoApp/calculator/calculator.go:101.23,104.39 1 0
practice/goPractice/learningGoApp/learningGoApp/calculator/calculator.go:104.39,105.29 1 0
practice/goPractice/learningGoApp/learningGoApp/calculator/calculator.go:105.29,107.10 2 0
practice/goPractice/learningGoApp/learningGoApp/calculator/calculator.go:108.10,110.5 1 0
practice/goPractice/learningGoApp/learningGoApp/calculator/calculator.go:112.8,113.42 1 0
practice/goPractice/learningGoApp/learningGoApp/calculator/calculator.go:113.42,114.31 1 0
practice/goPractice/learningGoApp/learningGoApp/calculator/calculator.go:114.31,116.10 2 0
practice/goPractice/learningGoApp/learningGoApp/calculator/calculator.go:117.10,119.5 1 0
practice/goPractice/learningGoApp/learningGoApp/calculator/calculator.go:125.49,126.6 1 0
practice/goPractice/learningGoApp/learningGoApp/calculator/calculator.go:142.2,142.13 1 0
practice/goPractice/learningGoApp/learningGoApp/calculator/calculator.go:126.6,128.21 2 0
practice/goPractice/learningGoApp/learningGoApp/calculator/calculator.go:128.21,138.4 6 0
practice/goPractice/learningGoApp/learningGoApp/calculator/calculator.go:138.9,139.9 1 0
practice/goPractice/learningGoApp/learningGoApp/calculator/calculator.go:145.38,147.17 2 0
practice/goPractice/learningGoApp/learningGoApp/calculator/calculator.go:169.2,169.17 1 0
practice/goPractice/learningGoApp/learningGoApp/calculator/calculator.go:148.11,151.35 3 0
practice/goPractice/learningGoApp/learningGoApp/calculator/calculator.go:154.3,154.30 1 0
practice/goPractice/learningGoApp/learningGoApp/calculator/calculator.go:157.3,157.35 1 0
practice/goPractice/learningGoApp/learningGoApp/calculator/calculator.go:160.11,161.74 1 0
practice/goPractice/learningGoApp/learningGoApp/calculator/calculator.go:162.11,163.72 1 0
practice/goPractice/learningGoApp/learningGoApp/calculator/calculator.go:164.11,165.69 1 0
practice/goPractice/learningGoApp/learningGoApp/calculator/calculator.go:166.11,167.74 1 0
practice/goPractice/learningGoApp/learningGoApp/calculator/calculator.go:151.35,153.4 1 0
practice/goPractice/learningGoApp/learningGoApp/calculator/calculator.go:154.30,156.4 1 0
practice/goPractice/learningGoApp/learningGoApp/calculator/calculator.go:157.35,159.4 1 0
practice/goPractice/learningGoApp/learningGoApp/calculator/calculator.go:172.124,178.2 4 0
practice/goPractice/learningGoApp/learningGoApp/calculator/calculator.go:180.45,183.6 2 0
practice/goPractice/learningGoApp/learningGoApp/calculator/calculator.go:206.2,206.17 1 0
practice/goPractice/learningGoApp/learningGoApp/calculator/calculator.go:183.6,185.78 1 0
practice/goPractice/learningGoApp/learningGoApp/calculator/calculator.go:201.3,201.21 1 0
practice/goPractice/learningGoApp/learningGoApp/calculator/calculator.go:185.78,189.4 3 0
practice/goPractice/learningGoApp/learningGoApp/calculator/calculator.go:189.9,189.71 1 0
practice/goPractice/learningGoApp/learningGoApp/calculator/calculator.go:189.71,192.4 2 0
practice/goPractice/learningGoApp/learningGoApp/calculator/calculator.go:192.9,192.65 1 0
practice/goPractice/learningGoApp/learningGoApp/calculator/calculator.go:192.65,195.4 2 0
practice/goPractice/learningGoApp/learningGoApp/calculator/calculator.go:195.9,195.71 1 0
practice/goPractice/learningGoApp/learningGoApp/calculator/calculator.go:195.71,198.4 2 0
practice/goPractice/learningGoApp/learningGoApp/calculator/calculator.go:198.9,200.4 1 0
practice/goPractice/learningGoApp/learningGoApp/calculator/calculator.go:201.21,203.9 2 0
practice/goPractice/learningGoApp/learningGoApp/calculator/calculator.go:210.29,212.6 2 0
practice/goPractice/learningGoApp/learningGoApp/calculator/calculator.go:212.6,219.3 6 0
