mode: atomic
practice/goPractice/learningGoApp/learningGoApp/area/area.go:30.33,32.2 1 0
practice/goPractice/learningGoApp/learningGoApp/area/area.go:33.36,35.2 1 0
practice/goPractice/learningGoApp/learningGoApp/area/area.go:36.33,38.2 1 1
practice/goPractice/learningGoApp/learningGoApp/area/area.go:39.35,41.2 1 0
practice/goPractice/learningGoApp/learningGoApp/area/area.go:42.33,44.2 1 0
practice/goPractice/learningGoApp/learningGoApp/area/area.go:45.35,47.2 1 0
practice/goPractice/learningGoApp/learningGoApp/area/area.go:50.24,52.2 1 0
practice/goPractice/learningGoApp/learningGoApp/area/area.go:55.27,57.2 1 0
practice/goPractice/learningGoApp/learningGoApp/area/area.go:60.38,64.2 3 1
practice/goPractice/learningGoApp/learningGoApp/area/area.go:67.26,69.2 1 0
practice/goPractice/learningGoApp/learningGoApp/area/area.go:72.24,74.2 1 0
practice/goPractice/learningGoApp/learningGoApp/area/area.go:77.26,79.2 1 0
practice/goPractice/learningGoApp/learningGoApp/area/area.go:86.20,88.2 1 0
practice/goPractice/learningGoApp/learningGoApp/area/area.go:91.27,93.1 2 0
practice/goPractice/learningGoApp/learningGoApp/area/area.go:94.2,98.21 4 0
practice/goPractice/learningGoApp/learningGoApp/area/area.go:124.2,124.15 1 0
practice/goPractice/learningGoApp/learningGoApp/area/area.go:99.16,105.29 4 0
practice/goPractice/learningGoApp/learningGoApp/area/area.go:106.16,110.29 4 0
practice/goPractice/learningGoApp/learningGoApp/area/area.go:112.19,116.32 4 0
practice/goPractice/learningGoApp/learningGoApp/area/area.go:117.14,118.9 1 0
practice/goPractice/learningGoApp/learningGoApp/area/area.go:119.10,122.20 2 0
